2025-07-29 13:02:16,223 - root - INFO - === TEST REVENUE SCRAPING ===
2025-07-29 13:02:16,224 - root - INFO - 🔍 Ottenimento dati vendite esistenti...
2025-07-29 13:02:16,224 - root - WARNING - ⚠️ Impossibile ottenere dati esistenti: No module named 'scraper'
2025-07-29 13:02:16,224 - revenue_scraper - INFO - 🚀 Avvio scraping ricavi per tutti i profili...
2025-07-29 13:02:16,224 - revenue_scraper - INFO - ⚡ Avvio scraping parallelo con 3 workers...
2025-07-29 13:02:16,228 - WDM - INFO - ====== WebDriver manager ======
2025-07-29 13:02:16,229 - WDM - INFO - ====== WebDriver manager ======
2025-07-29 13:02:16,229 - WDM - INFO - ====== WebDriver manager ======
2025-07-29 13:02:16,653 - WDM - INFO - Get LATEST chromedriver version for google-chrome
2025-07-29 13:02:16,654 - WDM - INFO - Get LATEST chromedriver version for google-chrome
2025-07-29 13:02:16,656 - WDM - INFO - Get LATEST chromedriver version for google-chrome
2025-07-29 13:02:16,893 - WDM - INFO - Get LATEST chromedriver version for google-chrome
2025-07-29 13:02:16,893 - WDM - INFO - Get LATEST chromedriver version for google-chrome
2025-07-29 13:02:16,894 - WDM - INFO - Get LATEST chromedriver version for google-chrome
2025-07-29 13:02:17,065 - WDM - INFO - Driver [/Users/flavio.lombardi/.wdm/drivers/chromedriver/mac64/138.0.7204.168/chromedriver-mac-x64/chromedriver] found in cache
2025-07-29 13:02:17,066 - WDM - INFO - Driver [/Users/flavio.lombardi/.wdm/drivers/chromedriver/mac64/138.0.7204.168/chromedriver-mac-x64/chromedriver] found in cache
2025-07-29 13:02:17,066 - WDM - INFO - Driver [/Users/flavio.lombardi/.wdm/drivers/chromedriver/mac64/138.0.7204.168/chromedriver-mac-x64/chromedriver] found in cache
2025-07-29 13:02:18,934 - revenue_scraper - INFO - 💰 Scraping ricavi profilo: Rediscover (2039815)
2025-07-29 13:02:18,971 - revenue_scraper - INFO - 💰 Scraping ricavi profilo: Volodymyr (5924329)
2025-07-29 13:02:19,130 - revenue_scraper - INFO - 💰 Scraping ricavi profilo: stephanie (9168643)
2025-07-29 13:02:32,047 - revenue_scraper - WARNING -   ⚠️ Toggle articoli venduti non trovato per stephanie
2025-07-29 13:02:32,110 - revenue_scraper - WARNING -   ⚠️ Tab sold non trovato per stephanie, continuo con la pagina corrente
2025-07-29 13:02:33,402 - revenue_scraper - INFO -   📊 Stima: 180 vendite (basato su 180 prezzi estratti)
2025-07-29 13:02:33,402 - revenue_scraper - INFO - ✅ stephanie: 180 articoli venduti, €55704.00 ricavi (⏱️ 14.27s)
2025-07-29 13:02:33,402 - revenue_scraper - INFO - ✅ Completato stephanie (thread)
2025-07-29 13:02:33,558 - WDM - INFO - ====== WebDriver manager ======
2025-07-29 13:02:33,916 - WDM - INFO - Get LATEST chromedriver version for google-chrome
2025-07-29 13:02:33,990 - WDM - INFO - Get LATEST chromedriver version for google-chrome
2025-07-29 13:02:34,017 - revenue_scraper - WARNING -   ⚠️ Toggle articoli venduti non trovato per Rediscover
2025-07-29 13:02:34,067 - WDM - INFO - Driver [/Users/flavio.lombardi/.wdm/drivers/chromedriver/mac64/138.0.7204.168/chromedriver-mac-x64/chromedriver] found in cache
2025-07-29 13:02:34,083 - revenue_scraper - WARNING -   ⚠️ Tab sold non trovato per Rediscover, continuo con la pagina corrente
2025-07-29 13:02:34,224 - revenue_scraper - WARNING -   ⚠️ Toggle articoli venduti non trovato per Volodymyr
2025-07-29 13:02:34,282 - revenue_scraper - WARNING -   ⚠️ Tab sold non trovato per Volodymyr, continuo con la pagina corrente
2025-07-29 13:02:35,386 - revenue_scraper - INFO - 💰 Scraping ricavi profilo: Mark (13442939)
2025-07-29 13:02:36,016 - revenue_scraper - INFO -   📊 Stima: 180 vendite (basato su 180 prezzi estratti)
2025-07-29 13:02:36,016 - revenue_scraper - INFO - ✅ Rediscover: 180 articoli venduti, €82104.00 ricavi (⏱️ 17.08s)
2025-07-29 13:02:36,016 - revenue_scraper - INFO - ✅ Completato Rediscover (thread)
2025-07-29 13:02:36,467 - WDM - INFO - ====== WebDriver manager ======
2025-07-29 13:02:36,675 - revenue_scraper - INFO -   📊 Stima: 210 vendite (basato su 210 prezzi estratti)
2025-07-29 13:02:36,675 - revenue_scraper - INFO - ✅ Volodymyr: 210 articoli venduti, €74622.00 ricavi (⏱️ 17.70s)
2025-07-29 13:02:36,675 - revenue_scraper - INFO - ✅ Completato Volodymyr (thread)
2025-07-29 13:02:36,892 - WDM - INFO - ====== WebDriver manager ======
2025-07-29 13:02:36,981 - WDM - INFO - Get LATEST chromedriver version for google-chrome
2025-07-29 13:02:37,057 - WDM - INFO - Get LATEST chromedriver version for google-chrome
2025-07-29 13:02:37,147 - WDM - INFO - Driver [/Users/flavio.lombardi/.wdm/drivers/chromedriver/mac64/138.0.7204.168/chromedriver-mac-x64/chromedriver] found in cache
2025-07-29 13:02:37,216 - WDM - INFO - Get LATEST chromedriver version for google-chrome
2025-07-29 13:02:37,372 - WDM - INFO - Get LATEST chromedriver version for google-chrome
2025-07-29 13:02:37,504 - WDM - INFO - Driver [/Users/flavio.lombardi/.wdm/drivers/chromedriver/mac64/138.0.7204.168/chromedriver-mac-x64/chromedriver] found in cache
2025-07-29 13:02:38,686 - revenue_scraper - INFO - 💰 Scraping ricavi profilo: A Retro Tale (5537180)
2025-07-29 13:02:38,728 - revenue_scraper - INFO - 💰 Scraping ricavi profilo: Lapsa (11345596)
2025-07-29 13:02:48,885 - revenue_scraper - WARNING -   ⚠️ Toggle articoli venduti non trovato per Mark
2025-07-29 13:02:48,956 - revenue_scraper - WARNING -   ⚠️ Tab sold non trovato per Mark, continuo con la pagina corrente
2025-07-29 13:02:50,554 - revenue_scraper - INFO -   📊 Stima: 180 vendite (basato su 180 prezzi estratti)
2025-07-29 13:02:50,554 - revenue_scraper - INFO - ✅ Mark: 180 articoli venduti, €59895.00 ricavi (⏱️ 15.17s)
2025-07-29 13:02:50,554 - revenue_scraper - INFO - ✅ Completato Mark (thread)
2025-07-29 13:02:50,709 - WDM - INFO - ====== WebDriver manager ======
2025-07-29 13:02:51,069 - WDM - INFO - Get LATEST chromedriver version for google-chrome
2025-07-29 13:02:51,174 - WDM - INFO - Get LATEST chromedriver version for google-chrome
2025-07-29 13:02:51,258 - WDM - INFO - Driver [/Users/flavio.lombardi/.wdm/drivers/chromedriver/mac64/138.0.7204.168/chromedriver-mac-x64/chromedriver] found in cache
2025-07-29 13:02:52,242 - revenue_scraper - WARNING -   ⚠️ Toggle articoli venduti non trovato per A Retro Tale
2025-07-29 13:02:52,258 - revenue_scraper - INFO - 💰 Scraping ricavi profilo: Clara (27862876)
2025-07-29 13:02:52,326 - revenue_scraper - WARNING -   ⚠️ Tab sold non trovato per A Retro Tale, continuo con la pagina corrente
2025-07-29 13:02:52,615 - revenue_scraper - WARNING -   ⚠️ Toggle articoli venduti non trovato per Lapsa
2025-07-29 13:02:52,683 - revenue_scraper - WARNING -   ⚠️ Tab sold non trovato per Lapsa, continuo con la pagina corrente
2025-07-29 13:02:54,219 - revenue_scraper - INFO -   📊 Stima: 180 vendite (basato su 180 prezzi estratti)
2025-07-29 13:02:54,220 - revenue_scraper - INFO - ✅ A Retro Tale: 180 articoli venduti, €159456.00 ricavi (⏱️ 15.53s)
2025-07-29 13:02:54,220 - revenue_scraper - INFO - ✅ Completato A Retro Tale (thread)
2025-07-29 13:02:54,409 - WDM - INFO - ====== WebDriver manager ======
2025-07-29 13:02:54,832 - WDM - INFO - Get LATEST chromedriver version for google-chrome
2025-07-29 13:02:54,906 - WDM - INFO - Get LATEST chromedriver version for google-chrome
2025-07-29 13:02:54,977 - WDM - INFO - Driver [/Users/flavio.lombardi/.wdm/drivers/chromedriver/mac64/138.0.7204.168/chromedriver-mac-x64/chromedriver] found in cache
2025-07-29 13:02:56,021 - revenue_scraper - INFO -   📊 Stima: 360 vendite (basato su 360 prezzi estratti)
2025-07-29 13:02:56,021 - revenue_scraper - INFO - ✅ Lapsa: 360 articoli venduti, €373545.00 ricavi (⏱️ 17.29s)
2025-07-29 13:02:56,022 - revenue_scraper - INFO - ✅ Completato Lapsa (thread)
2025-07-29 13:02:56,061 - revenue_scraper - INFO - 💰 Scraping ricavi profilo: Baggy Vintage (18106856)
2025-07-29 13:02:56,232 - WDM - INFO - ====== WebDriver manager ======
2025-07-29 13:02:56,738 - WDM - INFO - Get LATEST chromedriver version for google-chrome
2025-07-29 13:02:56,900 - WDM - INFO - Get LATEST chromedriver version for google-chrome
2025-07-29 13:02:56,994 - WDM - INFO - Driver [/Users/flavio.lombardi/.wdm/drivers/chromedriver/mac64/138.0.7204.168/chromedriver-mac-x64/chromedriver] found in cache
2025-07-29 13:02:58,398 - revenue_scraper - INFO - 💰 Scraping ricavi profilo: Vintageandkickz (19199976)
2025-07-29 13:03:06,191 - revenue_scraper - WARNING -   ⚠️ Toggle articoli venduti non trovato per Clara
2025-07-29 13:03:06,256 - revenue_scraper - WARNING -   ⚠️ Tab sold non trovato per Clara, continuo con la pagina corrente
2025-07-29 13:03:07,707 - revenue_scraper - INFO -   📊 Stima: 183 vendite (basato su 183 prezzi estratti)
2025-07-29 13:03:07,708 - revenue_scraper - INFO - ✅ Clara: 183 articoli venduti, €233520.00 ricavi (⏱️ 15.45s)
2025-07-29 13:03:07,708 - revenue_scraper - INFO - ✅ Completato Clara (thread)
2025-07-29 13:03:07,873 - WDM - INFO - ====== WebDriver manager ======
2025-07-29 13:03:08,259 - WDM - INFO - Get LATEST chromedriver version for google-chrome
2025-07-29 13:03:08,451 - WDM - INFO - Get LATEST chromedriver version for google-chrome
2025-07-29 13:03:08,566 - WDM - INFO - Driver [/Users/flavio.lombardi/.wdm/drivers/chromedriver/mac64/138.0.7204.168/chromedriver-mac-x64/chromedriver] found in cache
2025-07-29 13:03:09,483 - revenue_scraper - WARNING -   ⚠️ Toggle articoli venduti non trovato per Baggy Vintage
2025-07-29 13:03:09,571 - revenue_scraper - WARNING -   ⚠️ Tab sold non trovato per Baggy Vintage, continuo con la pagina corrente
2025-07-29 13:03:09,615 - revenue_scraper - INFO - 💰 Scraping ricavi profilo: Vintage & Modern (29517320)
2025-07-29 13:03:11,629 - revenue_scraper - INFO -   📊 Stima: 180 vendite (basato su 180 prezzi estratti)
2025-07-29 13:03:11,630 - revenue_scraper - INFO - ✅ Baggy Vintage: 180 articoli venduti, €210945.00 ricavi (⏱️ 15.57s)
2025-07-29 13:03:11,630 - revenue_scraper - INFO - ✅ Completato Baggy Vintage (thread)
2025-07-29 13:03:11,783 - WDM - INFO - ====== WebDriver manager ======
2025-07-29 13:03:12,004 - revenue_scraper - WARNING -   ⚠️ Toggle articoli venduti non trovato per Vintageandkickz
2025-07-29 13:03:12,086 - revenue_scraper - WARNING -   ⚠️ Tab sold non trovato per Vintageandkickz, continuo con la pagina corrente
2025-07-29 13:03:12,183 - WDM - INFO - Get LATEST chromedriver version for google-chrome
2025-07-29 13:03:12,270 - WDM - INFO - Get LATEST chromedriver version for google-chrome
2025-07-29 13:03:12,346 - WDM - INFO - Driver [/Users/flavio.lombardi/.wdm/drivers/chromedriver/mac64/138.0.7204.168/chromedriver-mac-x64/chromedriver] found in cache
2025-07-29 13:03:13,638 - revenue_scraper - INFO - 💰 Scraping ricavi profilo: Hugo (21940019)
2025-07-29 13:03:13,675 - revenue_scraper - INFO -   📊 Stima: 183 vendite (basato su 183 prezzi estratti)
2025-07-29 13:03:13,675 - revenue_scraper - INFO - ✅ Vintageandkickz: 183 articoli venduti, €112164.00 ricavi (⏱️ 15.28s)
2025-07-29 13:03:13,675 - revenue_scraper - INFO - ✅ Completato Vintageandkickz (thread)
2025-07-29 13:03:13,878 - WDM - INFO - ====== WebDriver manager ======
2025-07-29 13:03:14,364 - WDM - INFO - Get LATEST chromedriver version for google-chrome
2025-07-29 13:03:14,547 - WDM - INFO - Get LATEST chromedriver version for google-chrome
2025-07-29 13:03:14,722 - WDM - INFO - Driver [/Users/flavio.lombardi/.wdm/drivers/chromedriver/mac64/138.0.7204.168/chromedriver-mac-x64/chromedriver] found in cache
2025-07-29 13:03:16,252 - revenue_scraper - INFO - 💰 Scraping ricavi profilo: Plamexs (8642167)
2025-07-29 13:03:23,334 - revenue_scraper - WARNING -   ⚠️ Toggle articoli venduti non trovato per Vintage & Modern
2025-07-29 13:03:23,399 - revenue_scraper - WARNING -   ⚠️ Tab sold non trovato per Vintage & Modern, continuo con la pagina corrente
2025-07-29 13:03:24,603 - revenue_scraper - INFO -   📊 Stima: 138 vendite (basato su 138 prezzi estratti)
2025-07-29 13:03:24,603 - revenue_scraper - INFO - ✅ Vintage & Modern: 138 articoli venduti, €42378.00 ricavi (⏱️ 14.99s)
2025-07-29 13:03:24,603 - revenue_scraper - INFO - ✅ Completato Vintage & Modern (thread)
2025-07-29 13:03:24,760 - WDM - INFO - ====== WebDriver manager ======
2025-07-29 13:03:25,140 - WDM - INFO - Get LATEST chromedriver version for google-chrome
2025-07-29 13:03:25,219 - revenue_scraper - WARNING -   ⚠️ Toggle articoli venduti non trovato per Hugo
2025-07-29 13:03:25,258 - WDM - INFO - Get LATEST chromedriver version for google-chrome
2025-07-29 13:03:25,277 - revenue_scraper - WARNING -   ⚠️ Tab sold non trovato per Hugo, continuo con la pagina corrente
2025-07-29 13:03:25,340 - WDM - INFO - Driver [/Users/flavio.lombardi/.wdm/drivers/chromedriver/mac64/138.0.7204.168/chromedriver-mac-x64/chromedriver] found in cache
2025-07-29 13:03:26,194 - revenue_scraper - INFO -   📊 Stima: 102 vendite (basato su 102 prezzi estratti)
2025-07-29 13:03:26,194 - revenue_scraper - INFO - ✅ Hugo: 102 articoli venduti, €39987.00 ricavi (⏱️ 12.56s)
2025-07-29 13:03:26,194 - revenue_scraper - INFO - ✅ Completato Hugo (thread)
2025-07-29 13:03:26,677 - revenue_scraper - INFO - 💰 Scraping ricavi profilo: The Brand Collector (4085582)
2025-07-29 13:03:29,639 - revenue_scraper - WARNING -   ⚠️ Toggle articoli venduti non trovato per Plamexs
2025-07-29 13:03:29,710 - revenue_scraper - WARNING -   ⚠️ Tab sold non trovato per Plamexs, continuo con la pagina corrente
2025-07-29 13:03:30,974 - revenue_scraper - INFO -   📊 Stima: 183 vendite (basato su 183 prezzi estratti)
2025-07-29 13:03:30,974 - revenue_scraper - INFO - ✅ Plamexs: 183 articoli venduti, €141621.00 ricavi (⏱️ 14.72s)
2025-07-29 13:03:30,975 - revenue_scraper - INFO - ✅ Completato Plamexs (thread)
2025-07-29 13:03:41,078 - revenue_scraper - WARNING -   ⚠️ Toggle articoli venduti non trovato per The Brand Collector
2025-07-29 13:03:41,138 - revenue_scraper - WARNING -   ⚠️ Tab sold non trovato per The Brand Collector, continuo con la pagina corrente
2025-07-29 13:03:42,604 - revenue_scraper - INFO -   📊 Stima: 186 vendite (basato su 186 prezzi estratti)
2025-07-29 13:03:42,604 - revenue_scraper - INFO - ✅ The Brand Collector: 186 articoli venduti, €126543.00 ricavi (⏱️ 15.93s)
2025-07-29 13:03:42,605 - revenue_scraper - INFO - ✅ Completato The Brand Collector (thread)
